[2020-02-27 11:46:32] development.ERROR: PDOException: SQLSTATE[HY000] [1049] Unknown database 'database' in C:\Users\deina\Desktop\Prostredie\htdocs\fixpls\fix-pls\vendor\doctrine\dbal\lib\Doctrine\DBAL\Driver\PDOConnection.php:43
Stack trace:
#0 C:\Users\deina\Desktop\Prostredie\htdocs\fixpls\fix-pls\vendor\doctrine\dbal\lib\Doctrine\DBAL\Driver\PDOConnection.php(43): PDO->__construct('mysql:host=loca...', 'root', '', Array)
#1 C:\Users\deina\Desktop\Prostredie\htdocs\fixpls\fix-pls\vendor\laravel\framework\src\Illuminate\Database\Connectors\Connector.php(64): Doctrine\DBAL\Driver\PDOConnection->__construct('mysql:host=loca...', 'root', '', Array)
#2 C:\Users\deina\Desktop\Prostredie\htdocs\fixpls\fix-pls\vendor\laravel\framework\src\Illuminate\Database\Connectors\Connector.php(43): Illuminate\Database\Connectors\Connector->createPdoConnection('mysql:host=loca...', 'root', '', Array)
#3 C:\Users\deina\Desktop\Prostredie\htdocs\fixpls\fix-pls\vendor\laravel\framework\src\Illuminate\Database\Connectors\MySqlConnector.php(24): Illuminate\Database\Connectors\Connector->createConnection('mysql:host=loca...', Array, Array)
#4 C:\Users\deina\Desktop\Prostredie\htdocs\fixpls\fix-pls\vendor\october\rain\src\Database\Connectors\ConnectionFactory.php(29): Illuminate\Database\Connectors\MySqlConnector->connect(Array)
#5 [internal function]: October\Rain\Database\Connectors\ConnectionFactory->October\Rain\Database\Connectors\{closure}()
#6 C:\Users\deina\Desktop\Prostredie\htdocs\fixpls\fix-pls\vendor\laravel\framework\src\Illuminate\Database\Connection.php(915): call_user_func(Object(Closure))
#7 C:\Users\deina\Desktop\Prostredie\htdocs\fixpls\fix-pls\vendor\laravel\framework\src\Illuminate\Database\Connection.php(940): Illuminate\Database\Connection->getPdo()
#8 C:\Users\deina\Desktop\Prostredie\htdocs\fixpls\fix-pls\vendor\laravel\framework\src\Illuminate\Database\Connection.php(399): Illuminate\Database\Connection->getReadPdo()
#9 C:\Users\deina\Desktop\Prostredie\htdocs\fixpls\fix-pls\vendor\laravel\framework\src\Illuminate\Database\Connection.php(325): Illuminate\Database\Connection->getPdoForSelect(true)
#10 C:\Users\deina\Desktop\Prostredie\htdocs\fixpls\fix-pls\vendor\laravel\framework\src\Illuminate\Database\Connection.php(657): Illuminate\Database\Connection->Illuminate\Database\{closure}('select * from `...', Array)
#11 C:\Users\deina\Desktop\Prostredie\htdocs\fixpls\fix-pls\vendor\laravel\framework\src\Illuminate\Database\Connection.php(624): Illuminate\Database\Connection->runQueryCallback('select * from `...', Array, Object(Closure))
#12 C:\Users\deina\Desktop\Prostredie\htdocs\fixpls\fix-pls\vendor\laravel\framework\src\Illuminate\Database\Connection.php(333): Illuminate\Database\Connection->run('select * from `...', Array, Object(Closure))
#13 C:\Users\deina\Desktop\Prostredie\htdocs\fixpls\fix-pls\vendor\laravel\framework\src\Illuminate\Database\Query\Builder.php(1719): Illuminate\Database\Connection->select('select * from `...', Array, true)
#14 C:\Users\deina\Desktop\Prostredie\htdocs\fixpls\fix-pls\vendor\laravel\framework\src\Illuminate\Database\Query\Builder.php(1704): Illuminate\Database\Query\Builder->runSelect()
#15 C:\Users\deina\Desktop\Prostredie\htdocs\fixpls\fix-pls\vendor\october\rain\src\Database\QueryBuilder.php(122): Illuminate\Database\Query\Builder->get(Array)
#16 C:\Users\deina\Desktop\Prostredie\htdocs\fixpls\fix-pls\vendor\october\rain\src\Database\QueryBuilder.php(92): October\Rain\Database\QueryBuilder->getDuplicateCached(Array)
#17 C:\Users\deina\Desktop\Prostredie\htdocs\fixpls\fix-pls\vendor\laravel\framework\src\Illuminate\Database\Eloquent\Builder.php(481): October\Rain\Database\QueryBuilder->get(Array)
#18 C:\Users\deina\Desktop\Prostredie\htdocs\fixpls\fix-pls\vendor\laravel\framework\src\Illuminate\Database\Eloquent\Builder.php(465): Illuminate\Database\Eloquent\Builder->getModels(Array)
#19 C:\Users\deina\Desktop\Prostredie\htdocs\fixpls\fix-pls\vendor\laravel\framework\src\Illuminate\Database\Eloquent\Model.php(360): Illuminate\Database\Eloquent\Builder->get(Array)
#20 C:\Users\deina\Desktop\Prostredie\htdocs\fixpls\fix-pls\modules\system\classes\UpdateManager.php(223): Illuminate\Database\Eloquent\Model::all()
#21 C:\Users\deina\Desktop\Prostredie\htdocs\fixpls\fix-pls\modules\system\console\OctoberUpdate.php(58): System\Classes\UpdateManager->requestUpdateList(false)
#22 [internal function]: System\Console\OctoberUpdate->handle()
#23 C:\Users\deina\Desktop\Prostredie\htdocs\fixpls\fix-pls\vendor\laravel\framework\src\Illuminate\Container\BoundMethod.php(29): call_user_func_array(Array, Array)
#24 C:\Users\deina\Desktop\Prostredie\htdocs\fixpls\fix-pls\vendor\laravel\framework\src\Illuminate\Container\BoundMethod.php(87): Illuminate\Container\BoundMethod::Illuminate\Container\{closure}()
#25 C:\Users\deina\Desktop\Prostredie\htdocs\fixpls\fix-pls\vendor\laravel\framework\src\Illuminate\Container\BoundMethod.php(31): Illuminate\Container\BoundMethod::callBoundMethod(Object(October\Rain\Foundation\Application), Array, Object(Closure))
#26 C:\Users\deina\Desktop\Prostredie\htdocs\fixpls\fix-pls\vendor\laravel\framework\src\Illuminate\Container\Container.php(549): Illuminate\Container\BoundMethod::call(Object(October\Rain\Foundation\Application), Array, Array, NULL)
#27 C:\Users\deina\Desktop\Prostredie\htdocs\fixpls\fix-pls\vendor\laravel\framework\src\Illuminate\Console\Command.php(183): Illuminate\Container\Container->call(Array)
#28 C:\Users\deina\Desktop\Prostredie\htdocs\fixpls\fix-pls\vendor\symfony\console\Command\Command.php(255): Illuminate\Console\Command->execute(Object(Symfony\Component\Console\Input\ArgvInput), Object(Illuminate\Console\OutputStyle))
#29 C:\Users\deina\Desktop\Prostredie\htdocs\fixpls\fix-pls\vendor\laravel\framework\src\Illuminate\Console\Command.php(170): Symfony\Component\Console\Command\Command->run(Object(Symfony\Component\Console\Input\ArgvInput), Object(Illuminate\Console\OutputStyle))
#30 C:\Users\deina\Desktop\Prostredie\htdocs\fixpls\fix-pls\vendor\symfony\console\Application.php(982): Illuminate\Console\Command->run(Object(Symfony\Component\Console\Input\ArgvInput), Object(Symfony\Component\Console\Output\ConsoleOutput))
#31 C:\Users\deina\Desktop\Prostredie\htdocs\fixpls\fix-pls\vendor\symfony\console\Application.php(255): Symfony\Component\Console\Application->doRunCommand(Object(System\Console\OctoberUpdate), Object(Symfony\Component\Console\Input\ArgvInput), Object(Symfony\Component\Console\Output\ConsoleOutput))
#32 C:\Users\deina\Desktop\Prostredie\htdocs\fixpls\fix-pls\vendor\symfony\console\Application.php(148): Symfony\Component\Console\Application->doRun(Object(Symfony\Component\Console\Input\ArgvInput), Object(Symfony\Component\Console\Output\ConsoleOutput))
#33 C:\Users\deina\Desktop\Prostredie\htdocs\fixpls\fix-pls\vendor\laravel\framework\src\Illuminate\Console\Application.php(88): Symfony\Component\Console\Application->run(Object(Symfony\Component\Console\Input\ArgvInput), Object(Symfony\Component\Console\Output\ConsoleOutput))
#34 C:\Users\deina\Desktop\Prostredie\htdocs\fixpls\fix-pls\vendor\laravel\framework\src\Illuminate\Foundation\Console\Kernel.php(121): Illuminate\Console\Application->run(Object(Symfony\Component\Console\Input\ArgvInput), Object(Symfony\Component\Console\Output\ConsoleOutput))
#35 C:\Users\deina\Desktop\Prostredie\htdocs\fixpls\fix-pls\artisan(35): Illuminate\Foundation\Console\Kernel->handle(Object(Symfony\Component\Console\Input\ArgvInput), Object(Symfony\Component\Console\Output\ConsoleOutput))
#36 {main}

Next Doctrine\DBAL\Driver\PDOException: SQLSTATE[HY000] [1049] Unknown database 'database' in C:\Users\deina\Desktop\Prostredie\htdocs\fixpls\fix-pls\vendor\doctrine\dbal\lib\Doctrine\DBAL\Driver\PDOConnection.php:47
Stack trace:
#0 C:\Users\deina\Desktop\Prostredie\htdocs\fixpls\fix-pls\vendor\laravel\framework\src\Illuminate\Database\Connectors\Connector.php(64): Doctrine\DBAL\Driver\PDOConnection->__construct('mysql:host=loca...', 'root', '', Array)
#1 C:\Users\deina\Desktop\Prostredie\htdocs\fixpls\fix-pls\vendor\laravel\framework\src\Illuminate\Database\Connectors\Connector.php(43): Illuminate\Database\Connectors\Connector->createPdoConnection('mysql:host=loca...', 'root', '', Array)
#2 C:\Users\deina\Desktop\Prostredie\htdocs\fixpls\fix-pls\vendor\laravel\framework\src\Illuminate\Database\Connectors\MySqlConnector.php(24): Illuminate\Database\Connectors\Connector->createConnection('mysql:host=loca...', Array, Array)
#3 C:\Users\deina\Desktop\Prostredie\htdocs\fixpls\fix-pls\vendor\october\rain\src\Database\Connectors\ConnectionFactory.php(29): Illuminate\Database\Connectors\MySqlConnector->connect(Array)
#4 [internal function]: October\Rain\Database\Connectors\ConnectionFactory->October\Rain\Database\Connectors\{closure}()
#5 C:\Users\deina\Desktop\Prostredie\htdocs\fixpls\fix-pls\vendor\laravel\framework\src\Illuminate\Database\Connection.php(915): call_user_func(Object(Closure))
#6 C:\Users\deina\Desktop\Prostredie\htdocs\fixpls\fix-pls\vendor\laravel\framework\src\Illuminate\Database\Connection.php(940): Illuminate\Database\Connection->getPdo()
#7 C:\Users\deina\Desktop\Prostredie\htdocs\fixpls\fix-pls\vendor\laravel\framework\src\Illuminate\Database\Connection.php(399): Illuminate\Database\Connection->getReadPdo()
#8 C:\Users\deina\Desktop\Prostredie\htdocs\fixpls\fix-pls\vendor\laravel\framework\src\Illuminate\Database\Connection.php(325): Illuminate\Database\Connection->getPdoForSelect(true)
#9 C:\Users\deina\Desktop\Prostredie\htdocs\fixpls\fix-pls\vendor\laravel\framework\src\Illuminate\Database\Connection.php(657): Illuminate\Database\Connection->Illuminate\Database\{closure}('select * from `...', Array)
#10 C:\Users\deina\Desktop\Prostredie\htdocs\fixpls\fix-pls\vendor\laravel\framework\src\Illuminate\Database\Connection.php(624): Illuminate\Database\Connection->runQueryCallback('select * from `...', Array, Object(Closure))
#11 C:\Users\deina\Desktop\Prostredie\htdocs\fixpls\fix-pls\vendor\laravel\framework\src\Illuminate\Database\Connection.php(333): Illuminate\Database\Connection->run('select * from `...', Array, Object(Closure))
#12 C:\Users\deina\Desktop\Prostredie\htdocs\fixpls\fix-pls\vendor\laravel\framework\src\Illuminate\Database\Query\Builder.php(1719): Illuminate\Database\Connection->select('select * from `...', Array, true)
#13 C:\Users\deina\Desktop\Prostredie\htdocs\fixpls\fix-pls\vendor\laravel\framework\src\Illuminate\Database\Query\Builder.php(1704): Illuminate\Database\Query\Builder->runSelect()
#14 C:\Users\deina\Desktop\Prostredie\htdocs\fixpls\fix-pls\vendor\october\rain\src\Database\QueryBuilder.php(122): Illuminate\Database\Query\Builder->get(Array)
#15 C:\Users\deina\Desktop\Prostredie\htdocs\fixpls\fix-pls\vendor\october\rain\src\Database\QueryBuilder.php(92): October\Rain\Database\QueryBuilder->getDuplicateCached(Array)
#16 C:\Users\deina\Desktop\Prostredie\htdocs\fixpls\fix-pls\vendor\laravel\framework\src\Illuminate\Database\Eloquent\Builder.php(481): October\Rain\Database\QueryBuilder->get(Array)
#17 C:\Users\deina\Desktop\Prostredie\htdocs\fixpls\fix-pls\vendor\laravel\framework\src\Illuminate\Database\Eloquent\Builder.php(465): Illuminate\Database\Eloquent\Builder->getModels(Array)
#18 C:\Users\deina\Desktop\Prostredie\htdocs\fixpls\fix-pls\vendor\laravel\framework\src\Illuminate\Database\Eloquent\Model.php(360): Illuminate\Database\Eloquent\Builder->get(Array)
#19 C:\Users\deina\Desktop\Prostredie\htdocs\fixpls\fix-pls\modules\system\classes\UpdateManager.php(223): Illuminate\Database\Eloquent\Model::all()
#20 C:\Users\deina\Desktop\Prostredie\htdocs\fixpls\fix-pls\modules\system\console\OctoberUpdate.php(58): System\Classes\UpdateManager->requestUpdateList(false)
#21 [internal function]: System\Console\OctoberUpdate->handle()
#22 C:\Users\deina\Desktop\Prostredie\htdocs\fixpls\fix-pls\vendor\laravel\framework\src\Illuminate\Container\BoundMethod.php(29): call_user_func_array(Array, Array)
#23 C:\Users\deina\Desktop\Prostredie\htdocs\fixpls\fix-pls\vendor\laravel\framework\src\Illuminate\Container\BoundMethod.php(87): Illuminate\Container\BoundMethod::Illuminate\Container\{closure}()
#24 C:\Users\deina\Desktop\Prostredie\htdocs\fixpls\fix-pls\vendor\laravel\framework\src\Illuminate\Container\BoundMethod.php(31): Illuminate\Container\BoundMethod::callBoundMethod(Object(October\Rain\Foundation\Application), Array, Object(Closure))
#25 C:\Users\deina\Desktop\Prostredie\htdocs\fixpls\fix-pls\vendor\laravel\framework\src\Illuminate\Container\Container.php(549): Illuminate\Container\BoundMethod::call(Object(October\Rain\Foundation\Application), Array, Array, NULL)
#26 C:\Users\deina\Desktop\Prostredie\htdocs\fixpls\fix-pls\vendor\laravel\framework\src\Illuminate\Console\Command.php(183): Illuminate\Container\Container->call(Array)
#27 C:\Users\deina\Desktop\Prostredie\htdocs\fixpls\fix-pls\vendor\symfony\console\Command\Command.php(255): Illuminate\Console\Command->execute(Object(Symfony\Component\Console\Input\ArgvInput), Object(Illuminate\Console\OutputStyle))
#28 C:\Users\deina\Desktop\Prostredie\htdocs\fixpls\fix-pls\vendor\laravel\framework\src\Illuminate\Console\Command.php(170): Symfony\Component\Console\Command\Command->run(Object(Symfony\Component\Console\Input\ArgvInput), Object(Illuminate\Console\OutputStyle))
#29 C:\Users\deina\Desktop\Prostredie\htdocs\fixpls\fix-pls\vendor\symfony\console\Application.php(982): Illuminate\Console\Command->run(Object(Symfony\Component\Console\Input\ArgvInput), Object(Symfony\Component\Console\Output\ConsoleOutput))
#30 C:\Users\deina\Desktop\Prostredie\htdocs\fixpls\fix-pls\vendor\symfony\console\Application.php(255): Symfony\Component\Console\Application->doRunCommand(Object(System\Console\OctoberUpdate), Object(Symfony\Component\Console\Input\ArgvInput), Object(Symfony\Component\Console\Output\ConsoleOutput))
#31 C:\Users\deina\Desktop\Prostredie\htdocs\fixpls\fix-pls\vendor\symfony\console\Application.php(148): Symfony\Component\Console\Application->doRun(Object(Symfony\Component\Console\Input\ArgvInput), Object(Symfony\Component\Console\Output\ConsoleOutput))
#32 C:\Users\deina\Desktop\Prostredie\htdocs\fixpls\fix-pls\vendor\laravel\framework\src\Illuminate\Console\Application.php(88): Symfony\Component\Console\Application->run(Object(Symfony\Component\Console\Input\ArgvInput), Object(Symfony\Component\Console\Output\ConsoleOutput))
#33 C:\Users\deina\Desktop\Prostredie\htdocs\fixpls\fix-pls\vendor\laravel\framework\src\Illuminate\Foundation\Console\Kernel.php(121): Illuminate\Console\Application->run(Object(Symfony\Component\Console\Input\ArgvInput), Object(Symfony\Component\Console\Output\ConsoleOutput))
#34 C:\Users\deina\Desktop\Prostredie\htdocs\fixpls\fix-pls\artisan(35): Illuminate\Foundation\Console\Kernel->handle(Object(Symfony\Component\Console\Input\ArgvInput), Object(Symfony\Component\Console\Output\ConsoleOutput))
#35 {main}

Next Illuminate\Database\QueryException: SQLSTATE[HY000] [1049] Unknown database 'database' (SQL: select * from `system_plugin_versions`) in C:\Users\deina\Desktop\Prostredie\htdocs\fixpls\fix-pls\vendor\laravel\framework\src\Illuminate\Database\Connection.php:664
Stack trace:
#0 C:\Users\deina\Desktop\Prostredie\htdocs\fixpls\fix-pls\vendor\laravel\framework\src\Illuminate\Database\Connection.php(624): Illuminate\Database\Connection->runQueryCallback('select * from `...', Array, Object(Closure))
#1 C:\Users\deina\Desktop\Prostredie\htdocs\fixpls\fix-pls\vendor\laravel\framework\src\Illuminate\Database\Connection.php(333): Illuminate\Database\Connection->run('select * from `...', Array, Object(Closure))
#2 C:\Users\deina\Desktop\Prostredie\htdocs\fixpls\fix-pls\vendor\laravel\framework\src\Illuminate\Database\Query\Builder.php(1719): Illuminate\Database\Connection->select('select * from `...', Array, true)
#3 C:\Users\deina\Desktop\Prostredie\htdocs\fixpls\fix-pls\vendor\laravel\framework\src\Illuminate\Database\Query\Builder.php(1704): Illuminate\Database\Query\Builder->runSelect()
#4 C:\Users\deina\Desktop\Prostredie\htdocs\fixpls\fix-pls\vendor\october\rain\src\Database\QueryBuilder.php(122): Illuminate\Database\Query\Builder->get(Array)
#5 C:\Users\deina\Desktop\Prostredie\htdocs\fixpls\fix-pls\vendor\october\rain\src\Database\QueryBuilder.php(92): October\Rain\Database\QueryBuilder->getDuplicateCached(Array)
#6 C:\Users\deina\Desktop\Prostredie\htdocs\fixpls\fix-pls\vendor\laravel\framework\src\Illuminate\Database\Eloquent\Builder.php(481): October\Rain\Database\QueryBuilder->get(Array)
#7 C:\Users\deina\Desktop\Prostredie\htdocs\fixpls\fix-pls\vendor\laravel\framework\src\Illuminate\Database\Eloquent\Builder.php(465): Illuminate\Database\Eloquent\Builder->getModels(Array)
#8 C:\Users\deina\Desktop\Prostredie\htdocs\fixpls\fix-pls\vendor\laravel\framework\src\Illuminate\Database\Eloquent\Model.php(360): Illuminate\Database\Eloquent\Builder->get(Array)
#9 C:\Users\deina\Desktop\Prostredie\htdocs\fixpls\fix-pls\modules\system\classes\UpdateManager.php(223): Illuminate\Database\Eloquent\Model::all()
#10 C:\Users\deina\Desktop\Prostredie\htdocs\fixpls\fix-pls\modules\system\console\OctoberUpdate.php(58): System\Classes\UpdateManager->requestUpdateList(false)
#11 [internal function]: System\Console\OctoberUpdate->handle()
#12 C:\Users\deina\Desktop\Prostredie\htdocs\fixpls\fix-pls\vendor\laravel\framework\src\Illuminate\Container\BoundMethod.php(29): call_user_func_array(Array, Array)
#13 C:\Users\deina\Desktop\Prostredie\htdocs\fixpls\fix-pls\vendor\laravel\framework\src\Illuminate\Container\BoundMethod.php(87): Illuminate\Container\BoundMethod::Illuminate\Container\{closure}()
#14 C:\Users\deina\Desktop\Prostredie\htdocs\fixpls\fix-pls\vendor\laravel\framework\src\Illuminate\Container\BoundMethod.php(31): Illuminate\Container\BoundMethod::callBoundMethod(Object(October\Rain\Foundation\Application), Array, Object(Closure))
#15 C:\Users\deina\Desktop\Prostredie\htdocs\fixpls\fix-pls\vendor\laravel\framework\src\Illuminate\Container\Container.php(549): Illuminate\Container\BoundMethod::call(Object(October\Rain\Foundation\Application), Array, Array, NULL)
#16 C:\Users\deina\Desktop\Prostredie\htdocs\fixpls\fix-pls\vendor\laravel\framework\src\Illuminate\Console\Command.php(183): Illuminate\Container\Container->call(Array)
#17 C:\Users\deina\Desktop\Prostredie\htdocs\fixpls\fix-pls\vendor\symfony\console\Command\Command.php(255): Illuminate\Console\Command->execute(Object(Symfony\Component\Console\Input\ArgvInput), Object(Illuminate\Console\OutputStyle))
#18 C:\Users\deina\Desktop\Prostredie\htdocs\fixpls\fix-pls\vendor\laravel\framework\src\Illuminate\Console\Command.php(170): Symfony\Component\Console\Command\Command->run(Object(Symfony\Component\Console\Input\ArgvInput), Object(Illuminate\Console\OutputStyle))
#19 C:\Users\deina\Desktop\Prostredie\htdocs\fixpls\fix-pls\vendor\symfony\console\Application.php(982): Illuminate\Console\Command->run(Object(Symfony\Component\Console\Input\ArgvInput), Object(Symfony\Component\Console\Output\ConsoleOutput))
#20 C:\Users\deina\Desktop\Prostredie\htdocs\fixpls\fix-pls\vendor\symfony\console\Application.php(255): Symfony\Component\Console\Application->doRunCommand(Object(System\Console\OctoberUpdate), Object(Symfony\Component\Console\Input\ArgvInput), Object(Symfony\Component\Console\Output\ConsoleOutput))
#21 C:\Users\deina\Desktop\Prostredie\htdocs\fixpls\fix-pls\vendor\symfony\console\Application.php(148): Symfony\Component\Console\Application->doRun(Object(Symfony\Component\Console\Input\ArgvInput), Object(Symfony\Component\Console\Output\ConsoleOutput))
#22 C:\Users\deina\Desktop\Prostredie\htdocs\fixpls\fix-pls\vendor\laravel\framework\src\Illuminate\Console\Application.php(88): Symfony\Component\Console\Application->run(Object(Symfony\Component\Console\Input\ArgvInput), Object(Symfony\Component\Console\Output\ConsoleOutput))
#23 C:\Users\deina\Desktop\Prostredie\htdocs\fixpls\fix-pls\vendor\laravel\framework\src\Illuminate\Foundation\Console\Kernel.php(121): Illuminate\Console\Application->run(Object(Symfony\Component\Console\Input\ArgvInput), Object(Symfony\Component\Console\Output\ConsoleOutput))
#24 C:\Users\deina\Desktop\Prostredie\htdocs\fixpls\fix-pls\artisan(35): Illuminate\Foundation\Console\Kernel->handle(Object(Symfony\Component\Console\Input\ArgvInput), Object(Symfony\Component\Console\Output\ConsoleOutput))
#25 {main}  
